  GameMaster.cpp
C:\Users\bianq\source\repos\elenairurueta\TPFinal-LP1\gamemaster\Archivo.h(2,1): warning C4005: '_CRT_SECURE_NO_WARNINGS': redefinición de macro
C:\Users\bianq\source\repos\elenairurueta\TPFinal-LP1\gamemaster\GameMaster.cpp : message : vea la definición anterior de '_CRT_SECURE_NO_WARNINGS'
C:\Users\bianq\source\repos\elenairurueta\TPFinal-LP1\gamemaster\GameMaster.cpp(34,20): warning C4018: '<': no coinciden signed/unsigned
C:\Users\bianq\source\repos\elenairurueta\TPFinal-LP1\gamemaster\GameMaster.cpp(42,20): warning C4018: '<': no coinciden signed/unsigned
C:\Users\bianq\source\repos\elenairurueta\TPFinal-LP1\gamemaster\GameMaster.cpp(90,20): warning C4018: '<': no coinciden signed/unsigned
C:\Users\bianq\source\repos\elenairurueta\TPFinal-LP1\gamemaster\GameMaster.cpp(105,20): warning C4018: '<': no coinciden signed/unsigned
C:\Users\bianq\source\repos\elenairurueta\TPFinal-LP1\gamemaster\GameMaster.cpp(113,12): warning C4244: 'argumento': conversión de 'time_t' a 'unsigned int'; posible pérdida de datos
C:\Users\bianq\source\repos\elenairurueta\TPFinal-LP1\gamemaster\GameMaster.cpp(128,21): warning C4018: '<': no coinciden signed/unsigned
C:\Users\bianq\source\repos\elenairurueta\TPFinal-LP1\gamemaster\GameMaster.cpp(143,12): warning C4244: 'argumento': conversión de 'time_t' a 'unsigned int'; posible pérdida de datos
C:\Users\bianq\source\repos\elenairurueta\TPFinal-LP1\gamemaster\GameMaster.cpp(173,12): warning C4244: 'argumento': conversión de 'time_t' a 'unsigned int'; posible pérdida de datos
C:\Users\bianq\source\repos\elenairurueta\TPFinal-LP1\gamemaster\GameMaster.cpp(210,17): warning C4018: '>=': no coinciden signed/unsigned
C:\Users\bianq\source\repos\elenairurueta\TPFinal-LP1\gamemaster\GameMaster.cpp(321,21): warning C4101: 'ex': variable local sin referencia
C:\Users\bianq\source\repos\elenairurueta\TPFinal-LP1\gamemaster\GameMaster.cpp(407,22): warning C4018: '<': no coinciden signed/unsigned
C:\Users\bianq\source\repos\elenairurueta\TPFinal-LP1\gamemaster\GameMaster.cpp(427,20): warning C4018: '<': no coinciden signed/unsigned
C:\Users\bianq\source\repos\elenairurueta\TPFinal-LP1\gamemaster\Archivo.h(43,19): warning C4018: '<': no coinciden signed/unsigned
C:\Users\bianq\source\repos\elenairurueta\TPFinal-LP1\gamemaster\GameMaster.cpp(422): message : Vea la referencia a la creación de una instancia de la función plantilla "void Archivo::escribirArchivoDat<cRegistro>(cListaT<cRegistro> *)" que se está compilando
C:\Users\bianq\source\repos\elenairurueta\TPFinal-LP1\gamemaster\cListaT.h(63,20): warning C4018: '<': no coinciden signed/unsigned
C:\Users\bianq\source\repos\elenairurueta\TPFinal-LP1\gamemaster\cListaT.h(59): message : al compilar la función del miembro clase plantilla "void cListaT<cUnidad>::Redimensionalizar(int)"
C:\Users\bianq\source\repos\elenairurueta\TPFinal-LP1\gamemaster\cListaT.h(128): message : Vea la referencia a la creación de una instancia de la función plantilla "void cListaT<cUnidad>::Redimensionalizar(int)" que se está compilando
C:\Users\bianq\source\repos\elenairurueta\TPFinal-LP1\gamemaster\cListaT.h(122): message : al compilar la función del miembro clase plantilla "bool cListaT<cUnidad>::AgregarItem(T *)"
          with
          [
              T=cUnidad
          ]
C:\Users\bianq\source\repos\elenairurueta\TPFinal-LP1\gamemaster\GameMaster.cpp(183): message : Vea la referencia a la creación de una instancia de la función plantilla "bool cListaT<cUnidad>::AgregarItem(T *)" que se está compilando
          with
          [
              T=cUnidad
          ]
C:\Users\bianq\source\repos\elenairurueta\TPFinal-LP1\gamemaster\cTropa.h(9): message : Vea la referencia a la creación de una instancia de clase plantilla "cListaT<cUnidad>" que se está compilando
C:\Users\bianq\source\repos\elenairurueta\TPFinal-LP1\gamemaster\cListaT.h(65,9): warning C4018: '<': no coinciden signed/unsigned
  GameMaster.vcxproj -> C:\Users\bianq\source\repos\elenairurueta\TPFinal-LP1\gamemaster\x64\Debug\GameMaster.exe
