c:\users\elena\onedrive\documentos\github\tp-final\gamemaster\x64\debug\vc142.pdb
c:\users\elena\onedrive\documentos\github\tp-final\gamemaster\x64\debug\vc142.idb
c:\users\elena\onedrive\documentos\github\tp-final\gamemaster\x64\debug\main.obj
c:\users\elena\onedrive\documentos\github\tp-final\gamemaster\x64\debug\llenararchivos.obj
c:\users\elena\onedrive\documentos\github\tp-final\gamemaster\x64\debug\gamemaster.obj
c:\users\elena\onedrive\documentos\github\tp-final\gamemaster\x64\debug\funciones.obj
c:\users\elena\onedrive\documentos\github\tp-final\gamemaster\x64\debug\cmapa.obj
c:\users\elena\onedrive\documentos\github\tp-final\gamemaster\x64\debug\archivo.obj
c:\users\elena\onedrive\documentos\github\tp-final\gamemaster\x64\debug\cpais.obj
c:\users\elena\onedrive\documentos\github\tp-final\gamemaster\x64\debug\ctropa.obj
c:\users\elena\onedrive\documentos\github\tp-final\gamemaster\x64\debug\cjugador.obj
c:\users\elena\onedrive\documentos\github\tp-final\gamemaster\x64\debug\cejercito.obj
c:\users\elena\onedrive\documentos\github\tp-final\gamemaster\x64\debug\cmagos.obj
c:\users\elena\onedrive\documentos\github\tp-final\gamemaster\x64\debug\cunidad.obj
c:\users\elena\onedrive\documentos\github\tp-final\gamemaster\x64\debug\ccaballeros.obj
c:\users\elena\onedrive\documentos\github\tp-final\gamemaster\x64\debug\carqueros.obj
c:\users\elena\onedrive\documentos\github\tp-final\gamemaster\x64\debug\gamemaster.exe
c:\users\elena\onedrive\documentos\github\tp-final\gamemaster\x64\debug\gamemaster.ilk
c:\users\elena\onedrive\documentos\github\tp-final\gamemaster\x64\debug\gamemaster.pdb
c:\users\elena\onedrive\documentos\github\tp-final\gamemaster\x64\debug\cmapa.obj.enc
c:\users\elena\onedrive\documentos\github\tp-final\gamemaster\x64\debug\gamemaster.obj.enc
c:\users\elena\onedrive\documentos\github\tp-final\gamemaster\x64\debug\llenararchivos.obj.enc
c:\users\elena\onedrive\documentos\github\tp-final\gamemaster\x64\debug\main.obj.enc
c:\users\elena\onedrive\documentos\github\tp-final\gamemaster\x64\debug\gamemaster.tlog\cl.command.1.tlog
c:\users\elena\onedrive\documentos\github\tp-final\gamemaster\x64\debug\gamemaster.tlog\cl.read.1.tlog
c:\users\elena\onedrive\documentos\github\tp-final\gamemaster\x64\debug\gamemaster.tlog\cl.write.1.tlog
c:\users\elena\onedrive\documentos\github\tp-final\gamemaster\x64\debug\gamemaster.tlog\link.command.1.tlog
c:\users\elena\onedrive\documentos\github\tp-final\gamemaster\x64\debug\gamemaster.tlog\link.read.1.tlog
c:\users\elena\onedrive\documentos\github\tp-final\gamemaster\x64\debug\gamemaster.tlog\link.write.1.tlog
